<!DOCTYPE html>

<html>
  <head>
  <meta charset='utf-8'>
  <title>TestNG reports</title>

    <link type="text/css" href="testng-reports1.css" rel="stylesheet" id="ultra" />
    <link type="text/css" href="testng-reports.css" rel="stylesheet" id="retro" disabled="false"/>
    <script type="text/javascript" src="jquery-3.6.0.min.js"></script>
    <script type="text/javascript" src="testng-reports.js"></script>
    <script type="text/javascript" src="https://www.google.com/jsapi"></script>
    <script type='text/javascript'>
      google.load('visualization', '1', {packages:['table']});
      google.setOnLoadCallback(drawTable);
      var suiteTableInitFunctions = new Array();
      var suiteTableData = new Array();
    </script>
    <!--
      <script type="text/javascript" src="jquery-ui/js/jquery-ui-1.8.16.custom.min.js"></script>
     -->
  </head>

  <body>    <div class="top-banner-root">
      <span class="top-banner-title-font">Test results</span>
      <button id="button" class="button">Switch Retro Theme</button> <!-- button -->
      <br/>
      <span class="top-banner-font-1">1 suite, 3 failed tests</span>
    </div> <!-- top-banner-root -->
    <div class="navigator-root">
      <div class="navigator-suite-header">
        <span>All suites</span>
        <a href="#" title="Collapse/expand all the suites" class="collapse-all-link">
          <img src="collapseall.gif" class="collapse-all-icon">
          </img> <!-- collapse-all-icon -->
        </a> <!-- collapse-all-link -->
      </div> <!-- navigator-suite-header -->
      <div class="suite">
        <div class="rounded-window">
          <div class="suite-header light-rounded-window-top">
            <a href="#" panel-name="suite-Ecommerce_Account_Suite" class="navigator-link">
              <span class="suite-name border-failed">Ecommerce Account Suite</span>
            </a> <!-- navigator-link -->
          </div> <!-- suite-header light-rounded-window-top -->
          <div class="navigator-suite-content">
            <div class="suite-section-title">
              <span>Info</span>
            </div> <!-- suite-section-title -->
            <div class="suite-section-content">
              <ul>
                <li>
                  <a href="#" panel-name="test-xml-Ecommerce_Account_Suite" class="navigator-link ">
                    <span>F:\EcommerceApplicationTestD\AppSelTest\EcommerceApplication\testSuite_XML\testng.xml</span>
                  </a> <!-- navigator-link  -->
                </li>
                <li>
                  <a href="#" panel-name="testlist-Ecommerce_Account_Suite" class="navigator-link ">
                    <span class="test-stats">1 test</span>
                  </a> <!-- navigator-link  -->
                </li>
                <li>
                  <a href="#" panel-name="group-Ecommerce_Account_Suite" class="navigator-link ">
                    <span>0 groups</span>
                  </a> <!-- navigator-link  -->
                </li>
                <li>
                  <a href="#" panel-name="times-Ecommerce_Account_Suite" class="navigator-link ">
                    <span>Times</span>
                  </a> <!-- navigator-link  -->
                </li>
                <li>
                  <a href="#" panel-name="reporter-Ecommerce_Account_Suite" class="navigator-link ">
                    <span>Reporter output</span>
                  </a> <!-- navigator-link  -->
                </li>
                <li>
                  <a href="#" panel-name="ignored-methods-Ecommerce_Account_Suite" class="navigator-link ">
                    <span>Ignored methods</span>
                  </a> <!-- navigator-link  -->
                </li>
                <li>
                  <a href="#" panel-name="chronological-Ecommerce_Account_Suite" class="navigator-link ">
                    <span>Chronological view</span>
                  </a> <!-- navigator-link  -->
                </li>
              </ul>
            </div> <!-- suite-section-content -->
            <div class="result-section">
              <div class="suite-section-title">
                <span>Results</span>
              </div> <!-- suite-section-title -->
              <div class="suite-section-content">
                <ul>
                  <li>
                    <span class="method-stats">7 methods, 3 failed,   4 passed</span>
                  </li>
                  <li>
                    <span class="method-list-title failed">Failed methods</span>
                    <span class="show-or-hide-methods failed">
                      <a href="#" panel-name="suite-Ecommerce_Account_Suite" class="hide-methods failed suite-Ecommerce_Account_Suite"> (hide)</a> <!-- hide-methods failed suite-Ecommerce_Account_Suite -->
                      <a href="#" panel-name="suite-Ecommerce_Account_Suite" class="show-methods failed suite-Ecommerce_Account_Suite"> (show)</a> <!-- show-methods failed suite-Ecommerce_Account_Suite -->
                    </span>
                    <div class="method-list-content failed suite-Ecommerce_Account_Suite">
                      <span>
                        <img src="failed.png" width="3%"/>
                        <a href="#" panel-name="suite-Ecommerce_Account_Suite" title="testCases.CreateAccountTest" class="method navigator-link" hash-for-method="testNegativeAccountCreation(Creating Account With Existing Account : Existing User (existing.user@test.com), [There is already a...)">testNegativeAccountCreation(Creating Account With Existing Account : Existing User (existing.user@test.com), [There is already a...)</a> <!-- method navigator-link -->
                      </span>
                      <br/>
                      <span>
                        <img src="failed.png" width="3%"/>
                        <a href="#" panel-name="suite-Ecommerce_Account_Suite" title="testCases.CreateAccountTest" class="method navigator-link" hash-for-method="testNegativeAccountCreation(Creating Account With Invalid emailId and Password less than 8 Characters : !@# $%^ (wrong@format), ...)">testNegativeAccountCreation(Creating Account With Invalid emailId and Password less than 8 Characters : !@# $%^ (wrong@format), ...)</a> <!-- method navigator-link -->
                      </span>
                      <br/>
                      <span>
                        <img src="failed.png" width="3%"/>
                        <a href="#" panel-name="suite-Ecommerce_Account_Suite" title="testCases.CreateAccountTest" class="method navigator-link" hash-for-method="testNegativeAccountCreation(Creating Account Without Entering Confirm Password : Jack Black (jack.black1752426183405@mail.com), ...)">testNegativeAccountCreation(Creating Account Without Entering Confirm Password : Jack Black (jack.black1752426183405@mail.com), ...)</a> <!-- method navigator-link -->
                      </span>
                      <br/>
                    </div> <!-- method-list-content failed suite-Ecommerce_Account_Suite -->
                  </li>
                  <li>
                    <span class="method-list-title passed">Passed methods</span>
                    <span class="show-or-hide-methods passed">
                      <a href="#" panel-name="suite-Ecommerce_Account_Suite" class="hide-methods passed suite-Ecommerce_Account_Suite"> (hide)</a> <!-- hide-methods passed suite-Ecommerce_Account_Suite -->
                      <a href="#" panel-name="suite-Ecommerce_Account_Suite" class="show-methods passed suite-Ecommerce_Account_Suite"> (show)</a> <!-- show-methods passed suite-Ecommerce_Account_Suite -->
                    </span>
                    <div class="method-list-content passed suite-Ecommerce_Account_Suite">
                      <span>
                        <img src="passed.png" width="3%"/>
                        <a href="#" panel-name="suite-Ecommerce_Account_Suite" title="testCases.CreateAccountTest" class="method navigator-link" hash-for-method="testNegativeAccountCreation(Creating Account With Blank Fields :   (), [This is a required field.])">testNegativeAccountCreation(Creating Account With Blank Fields :   (), [This is a required field.])</a> <!-- method navigator-link -->
                      </span>
                      <br/>
                      <span>
                        <img src="passed.png" width="3%"/>
                        <a href="#" panel-name="suite-Ecommerce_Account_Suite" title="testCases.CreateAccountTest" class="method navigator-link" hash-for-method="testNegativeAccountCreation(Creating Account With In-Valid Email-Id : John Doe (invalidemail@), [Please enter a valid email addr...)">testNegativeAccountCreation(Creating Account With In-Valid Email-Id : John Doe (invalidemail@), [Please enter a valid email addr...)</a> <!-- method navigator-link -->
                      </span>
                      <br/>
                      <span>
                        <img src="passed.png" width="3%"/>
                        <a href="#" panel-name="suite-Ecommerce_Account_Suite" title="testCases.CreateAccountTest" class="method navigator-link" hash-for-method="testNegativeAccountCreation(Creating Account With In-Valid Password Of Length Less Than 8 : Jane Smith (jane.smith@test.com), [M...)">testNegativeAccountCreation(Creating Account With In-Valid Password Of Length Less Than 8 : Jane Smith (jane.smith@test.com), [M...)</a> <!-- method navigator-link -->
                      </span>
                      <br/>
                      <span>
                        <img src="passed.png" width="3%"/>
                        <a href="#" panel-name="suite-Ecommerce_Account_Suite" title="testCases.CreateAccountTest" class="method navigator-link" hash-for-method="testNegativeAccountCreation(Creating Account With Blank Spaces :         (    ), [This is a required field.])">testNegativeAccountCreation(Creating Account With Blank Spaces :         (    ), [This is a required field.])</a> <!-- method navigator-link -->
                      </span>
                      <br/>
                    </div> <!-- method-list-content passed suite-Ecommerce_Account_Suite -->
                  </li>
                </ul>
              </div> <!-- suite-section-content -->
            </div> <!-- result-section -->
          </div> <!-- navigator-suite-content -->
        </div> <!-- rounded-window -->
      </div> <!-- suite -->
    </div> <!-- navigator-root -->
    <div class="wrapper">
      <div class="main-panel-root">
        <div panel-name="suite-Ecommerce_Account_Suite" class="panel Ecommerce_Account_Suite">
          <div class="suite-Ecommerce_Account_Suite-class-failed">
            <div class="main-panel-header rounded-window-top">
              <img src="failed.png"/>
              <span class="class-name">testCases.CreateAccountTest</span>
            </div> <!-- main-panel-header rounded-window-top -->
            <div class="main-panel-content rounded-window-bottom">
              <div class="method">
                <div class="method-content">
                  <a name="testNegativeAccountCreation(Creating Account With Existing Account : Existing User (existing.user@test.com), [There is already a...)">
                  </a> <!-- testNegativeAccountCreation(Creating Account With Existing Account : Existing User (existing.user@test.com), [There is already a...) -->
                  <span class="method-name">testNegativeAccountCreation</span>
                  <span class="parameters">(Creating Account With Existing Account : Existing User (existing.user@test.com),[There is already an account with this email address.])</span>
                  <div class="stack-trace">org.openqa.selenium.TimeoutException: java.util.concurrent.TimeoutException
Build info: version: &apos;4.33.0&apos;, revision: &apos;2c6aaad03a&apos;
System info: os.name: &apos;Windows 11&apos;, os.arch: &apos;amd64&apos;, os.version: &apos;10.0&apos;, java.version: &apos;17.0.11&apos;
Driver info: org.openqa.selenium.chrome.ChromeDriver
Command: [9f09c63c708b26fe7cb3e25087303096, get {url=https://magento.softwaretestingboard.com/customer/account/create/}]
Capabilities {acceptInsecureCerts: false, browserName: chrome, browserVersion: 138.0.7204.101, chrome: {chromedriverVersion: 138.0.7204.94 (545025748884..., userDataDir: C:\Users\JYOTIP~1\AppData\L...}, fedcm:accounts: true, goog:chromeOptions: {debuggerAddress: localhost:52685}, networkConnectionEnabled: false, pageLoadStrategy: normal, platformName: windows, proxy: Proxy(), se:cdp: ws://localhost:52685/devtoo..., se:cdpVersion: 138.0.7204.101, setWindowRect: true, strictFileInteractability: false, timeouts: {implicit: 0, pageLoad: 300000, script: 30000}, unhandledPromptBehavior: dismiss and notify, webauthn:extension:credBlob: true, webauthn:extension:largeBlob: true, webauthn:extension:minPinLength: true, webauthn:extension:prf: true, webauthn:virtualAuthenticators: true}
Session ID: 9f09c63c708b26fe7cb3e25087303096
	at org.openqa.selenium.remote.http.jdk.JdkHttpClient.execute(JdkHttpClient.java:427)
	at org.openqa.selenium.remote.HttpCommandExecutor.execute(HttpCommandExecutor.java:212)
	at org.openqa.selenium.remote.service.DriverCommandExecutor.invokeExecute(DriverCommandExecutor.java:216)
	at org.openqa.selenium.remote.service.DriverCommandExecutor.execute(DriverCommandExecutor.java:174)
	at org.openqa.selenium.remote.RemoteWebDriver.execute(RemoteWebDriver.java:544)
	at org.openqa.selenium.remote.RemoteWebDriver.get(RemoteWebDriver.java:312)
	at testCases.CreateAccountTest.testNegativeAccountCreation(CreateAccountTest.java:47)
	at java.base/java.util.ArrayList.forEach(ArrayList.java:1511)
Caused by: java.util.concurrent.TimeoutException
	at java.base/java.util.concurrent.CompletableFuture$Timeout.run(CompletableFuture.java:2874)
	at java.base/java.util.concurrent.Executors$RunnableAdapter.call(Executors.java:539)
	at java.base/java.util.concurrent.FutureTask.run(FutureTask.java:264)
	at java.base/java.util.concurrent.ScheduledThreadPoolExecutor$ScheduledFutureTask.run(ScheduledThreadPoolExecutor.java:304)
	at java.base/java.util.concurrent.ThreadPoolExecutor.runWorker(ThreadPoolExecutor.java:1136)
	at java.base/java.util.concurrent.ThreadPoolExecutor$Worker.run(ThreadPoolExecutor.java:635)
	at java.base/java.lang.Thread.run(Thread.java:840)
... Removed 31 stack frames
</div> <!-- stack-trace -->
                  <em>
(Verify error messages for invalid user registration inputs)                  </em>
                </div> <!-- method-content -->
              </div> <!-- method -->
              <div class="method">
                <div class="method-content">
                  <a name="testNegativeAccountCreation(Creating Account With Invalid emailId and Password less than 8 Characters : !@# $%^ (wrong@format), ...)">
                  </a> <!-- testNegativeAccountCreation(Creating Account With Invalid emailId and Password less than 8 Characters : !@# $%^ (wrong@format), ...) -->
                  <span class="method-name">testNegativeAccountCreation</span>
                  <span class="parameters">(Creating Account With Invalid emailId and Password less than 8 Characters : !@# $%^ (wrong@format),[Please enter a valid email address (Ex: johndoe@domain.com)., Minimum length of this field must be equal or greater than 8 symbols.])</span>
                  <div class="stack-trace">org.openqa.selenium.TimeoutException: java.util.concurrent.TimeoutException
Build info: version: &apos;4.33.0&apos;, revision: &apos;2c6aaad03a&apos;
System info: os.name: &apos;Windows 11&apos;, os.arch: &apos;amd64&apos;, os.version: &apos;10.0&apos;, java.version: &apos;17.0.11&apos;
Driver info: org.openqa.selenium.chrome.ChromeDriver
Command: [b4f644ac91cd7f782990d5009445a8bc, get {url=https://magento.softwaretestingboard.com/customer/account/create/}]
Capabilities {acceptInsecureCerts: false, browserName: chrome, browserVersion: 138.0.7204.101, chrome: {chromedriverVersion: 138.0.7204.94 (545025748884..., userDataDir: C:\Users\JYOTIP~1\AppData\L...}, fedcm:accounts: true, goog:chromeOptions: {debuggerAddress: localhost:52761}, networkConnectionEnabled: false, pageLoadStrategy: normal, platformName: windows, proxy: Proxy(), se:cdp: ws://localhost:52761/devtoo..., se:cdpVersion: 138.0.7204.101, setWindowRect: true, strictFileInteractability: false, timeouts: {implicit: 0, pageLoad: 300000, script: 30000}, unhandledPromptBehavior: dismiss and notify, webauthn:extension:credBlob: true, webauthn:extension:largeBlob: true, webauthn:extension:minPinLength: true, webauthn:extension:prf: true, webauthn:virtualAuthenticators: true}
Session ID: b4f644ac91cd7f782990d5009445a8bc
	at org.openqa.selenium.remote.http.jdk.JdkHttpClient.execute(JdkHttpClient.java:427)
	at org.openqa.selenium.remote.HttpCommandExecutor.execute(HttpCommandExecutor.java:212)
	at org.openqa.selenium.remote.service.DriverCommandExecutor.invokeExecute(DriverCommandExecutor.java:216)
	at org.openqa.selenium.remote.service.DriverCommandExecutor.execute(DriverCommandExecutor.java:174)
	at org.openqa.selenium.remote.RemoteWebDriver.execute(RemoteWebDriver.java:544)
	at org.openqa.selenium.remote.RemoteWebDriver.get(RemoteWebDriver.java:312)
	at testCases.CreateAccountTest.testNegativeAccountCreation(CreateAccountTest.java:47)
	at java.base/java.util.ArrayList.forEach(ArrayList.java:1511)
Caused by: java.util.concurrent.TimeoutException
	at java.base/java.util.concurrent.CompletableFuture$Timeout.run(CompletableFuture.java:2874)
	at java.base/java.util.concurrent.Executors$RunnableAdapter.call(Executors.java:539)
	at java.base/java.util.concurrent.FutureTask.run(FutureTask.java:264)
	at java.base/java.util.concurrent.ScheduledThreadPoolExecutor$ScheduledFutureTask.run(ScheduledThreadPoolExecutor.java:304)
	at java.base/java.util.concurrent.ThreadPoolExecutor.runWorker(ThreadPoolExecutor.java:1136)
	at java.base/java.util.concurrent.ThreadPoolExecutor$Worker.run(ThreadPoolExecutor.java:635)
	at java.base/java.lang.Thread.run(Thread.java:840)
... Removed 31 stack frames
</div> <!-- stack-trace -->
                  <em>
(Verify error messages for invalid user registration inputs)                  </em>
                </div> <!-- method-content -->
              </div> <!-- method -->
              <div class="method">
                <div class="method-content">
                  <a name="testNegativeAccountCreation(Creating Account Without Entering Confirm Password : Jack Black (jack.black1752426183405@mail.com), ...)">
                  </a> <!-- testNegativeAccountCreation(Creating Account Without Entering Confirm Password : Jack Black (jack.black1752426183405@mail.com), ...) -->
                  <span class="method-name">testNegativeAccountCreation</span>
                  <span class="parameters">(Creating Account Without Entering Confirm Password : Jack Black (jack.black1752426183405@mail.com),[Please enter the same value again.])</span>
                  <div class="stack-trace">org.openqa.selenium.TimeoutException: java.util.concurrent.TimeoutException
Build info: version: &apos;4.33.0&apos;, revision: &apos;2c6aaad03a&apos;
System info: os.name: &apos;Windows 11&apos;, os.arch: &apos;amd64&apos;, os.version: &apos;10.0&apos;, java.version: &apos;17.0.11&apos;
Driver info: org.openqa.selenium.chrome.ChromeDriver
Command: [75632c666098141a879ed7dfa15eec92, get {url=https://magento.softwaretestingboard.com/customer/account/create/}]
Capabilities {acceptInsecureCerts: false, browserName: chrome, browserVersion: 138.0.7204.101, chrome: {chromedriverVersion: 138.0.7204.94 (545025748884..., userDataDir: C:\Users\JYOTIP~1\AppData\L...}, fedcm:accounts: true, goog:chromeOptions: {debuggerAddress: localhost:52632}, networkConnectionEnabled: false, pageLoadStrategy: normal, platformName: windows, proxy: Proxy(), se:cdp: ws://localhost:52632/devtoo..., se:cdpVersion: 138.0.7204.101, setWindowRect: true, strictFileInteractability: false, timeouts: {implicit: 0, pageLoad: 300000, script: 30000}, unhandledPromptBehavior: dismiss and notify, webauthn:extension:credBlob: true, webauthn:extension:largeBlob: true, webauthn:extension:minPinLength: true, webauthn:extension:prf: true, webauthn:virtualAuthenticators: true}
Session ID: 75632c666098141a879ed7dfa15eec92
	at org.openqa.selenium.remote.http.jdk.JdkHttpClient.execute(JdkHttpClient.java:427)
	at org.openqa.selenium.remote.HttpCommandExecutor.execute(HttpCommandExecutor.java:212)
	at org.openqa.selenium.remote.service.DriverCommandExecutor.invokeExecute(DriverCommandExecutor.java:216)
	at org.openqa.selenium.remote.service.DriverCommandExecutor.execute(DriverCommandExecutor.java:174)
	at org.openqa.selenium.remote.RemoteWebDriver.execute(RemoteWebDriver.java:544)
	at org.openqa.selenium.remote.RemoteWebDriver.get(RemoteWebDriver.java:312)
	at testCases.CreateAccountTest.testNegativeAccountCreation(CreateAccountTest.java:47)
	at java.base/java.util.ArrayList.forEach(ArrayList.java:1511)
Caused by: java.util.concurrent.TimeoutException
	at java.base/java.util.concurrent.CompletableFuture$Timeout.run(CompletableFuture.java:2874)
	at java.base/java.util.concurrent.Executors$RunnableAdapter.call(Executors.java:539)
	at java.base/java.util.concurrent.FutureTask.run(FutureTask.java:264)
	at java.base/java.util.concurrent.ScheduledThreadPoolExecutor$ScheduledFutureTask.run(ScheduledThreadPoolExecutor.java:304)
	at java.base/java.util.concurrent.ThreadPoolExecutor.runWorker(ThreadPoolExecutor.java:1136)
	at java.base/java.util.concurrent.ThreadPoolExecutor$Worker.run(ThreadPoolExecutor.java:635)
	at java.base/java.lang.Thread.run(Thread.java:840)
... Removed 31 stack frames
</div> <!-- stack-trace -->
                  <em>
(Verify error messages for invalid user registration inputs)                  </em>
                </div> <!-- method-content -->
              </div> <!-- method -->
            </div> <!-- main-panel-content rounded-window-bottom -->
          </div> <!-- suite-Ecommerce_Account_Suite-class-failed -->
          <div class="suite-Ecommerce_Account_Suite-class-passed">
            <div class="main-panel-header rounded-window-top">
              <img src="passed.png"/>
              <span class="class-name">testCases.CreateAccountTest</span>
            </div> <!-- main-panel-header rounded-window-top -->
            <div class="main-panel-content rounded-window-bottom">
              <div class="method">
                <div class="method-content">
                  <a name="testNegativeAccountCreation(Creating Account With Blank Fields :   (), [This is a required field.])">
                  </a> <!-- testNegativeAccountCreation(Creating Account With Blank Fields :   (), [This is a required field.]) -->
                  <span class="method-name">testNegativeAccountCreation</span>
                  <span class="parameters">(Creating Account With Blank Fields :   (),[This is a required field.])</span>
                  <em>
(Verify error messages for invalid user registration inputs)                  </em>
                </div> <!-- method-content -->
              </div> <!-- method -->
              <div class="method">
                <div class="method-content">
                  <a name="testNegativeAccountCreation(Creating Account With In-Valid Email-Id : John Doe (invalidemail@), [Please enter a valid email addr...)">
                  </a> <!-- testNegativeAccountCreation(Creating Account With In-Valid Email-Id : John Doe (invalidemail@), [Please enter a valid email addr...) -->
                  <span class="method-name">testNegativeAccountCreation</span>
                  <span class="parameters">(Creating Account With In-Valid Email-Id : John Doe (invalidemail@),[Please enter a valid email address (Ex: johndoe@domain.com).])</span>
                  <em>
(Verify error messages for invalid user registration inputs)                  </em>
                </div> <!-- method-content -->
              </div> <!-- method -->
              <div class="method">
                <div class="method-content">
                  <a name="testNegativeAccountCreation(Creating Account With In-Valid Password Of Length Less Than 8 : Jane Smith (jane.smith@test.com), [M...)">
                  </a> <!-- testNegativeAccountCreation(Creating Account With In-Valid Password Of Length Less Than 8 : Jane Smith (jane.smith@test.com), [M...) -->
                  <span class="method-name">testNegativeAccountCreation</span>
                  <span class="parameters">(Creating Account With In-Valid Password Of Length Less Than 8 : Jane Smith (jane.smith@test.com),[Minimum length of this field must be equal or greater than 8 symbols.])</span>
                  <em>
(Verify error messages for invalid user registration inputs)                  </em>
                </div> <!-- method-content -->
              </div> <!-- method -->
              <div class="method">
                <div class="method-content">
                  <a name="testNegativeAccountCreation(Creating Account With Blank Spaces :         (    ), [This is a required field.])">
                  </a> <!-- testNegativeAccountCreation(Creating Account With Blank Spaces :         (    ), [This is a required field.]) -->
                  <span class="method-name">testNegativeAccountCreation</span>
                  <span class="parameters">(Creating Account With Blank Spaces :         (    ),[This is a required field.])</span>
                  <em>
(Verify error messages for invalid user registration inputs)                  </em>
                </div> <!-- method-content -->
              </div> <!-- method -->
            </div> <!-- main-panel-content rounded-window-bottom -->
          </div> <!-- suite-Ecommerce_Account_Suite-class-passed -->
        </div> <!-- panel Ecommerce_Account_Suite -->
        <div panel-name="test-xml-Ecommerce_Account_Suite" class="panel">
          <div class="main-panel-header rounded-window-top">
            <span class="header-content">F:\EcommerceApplicationTestD\AppSelTest\EcommerceApplication\testSuite_XML\testng.xml</span>
          </div> <!-- main-panel-header rounded-window-top -->
          <div class="main-panel-content rounded-window-bottom">
            <pre>
&lt;?xml version=&quot;1.0&quot; encoding=&quot;UTF-8&quot;?&gt;
&lt;!DOCTYPE suite SYSTEM &quot;https://testng.org/testng-1.0.dtd&quot;&gt;
&lt;suite name=&quot;Ecommerce Account Suite&quot; guice-stage=&quot;DEVELOPMENT&quot; verbose=&quot;0&quot;&gt;
  &lt;test thread-count=&quot;5&quot; name=&quot;Account Creation&quot; verbose=&quot;0&quot;&gt;
    &lt;classes&gt;
      &lt;class name=&quot;testCases.CreateAccountTest&quot;&gt;
        &lt;methods&gt;
          &lt;include name=&quot;testNegativeAccountCreation&quot;/&gt;
        &lt;/methods&gt;
      &lt;/class&gt; &lt;!-- testCases.CreateAccountTest --&gt;
    &lt;/classes&gt;
  &lt;/test&gt; &lt;!-- Account Creation --&gt;
&lt;/suite&gt; &lt;!-- Ecommerce Account Suite --&gt;
            </pre>
          </div> <!-- main-panel-content rounded-window-bottom -->
        </div> <!-- panel -->
        <div panel-name="testlist-Ecommerce_Account_Suite" class="panel">
          <div class="main-panel-header rounded-window-top">
            <span class="header-content">Tests for Ecommerce Account Suite</span>
          </div> <!-- main-panel-header rounded-window-top -->
          <div class="main-panel-content rounded-window-bottom">
            <ul>
              <li>
                <span class="test-name">Account Creation (1 class)</span>
              </li>
            </ul>
          </div> <!-- main-panel-content rounded-window-bottom -->
        </div> <!-- panel -->
        <div panel-name="group-Ecommerce_Account_Suite" class="panel">
          <div class="main-panel-header rounded-window-top">
            <span class="header-content">Groups for Ecommerce Account Suite</span>
          </div> <!-- main-panel-header rounded-window-top -->
          <div class="main-panel-content rounded-window-bottom">
          </div> <!-- main-panel-content rounded-window-bottom -->
        </div> <!-- panel -->
        <div panel-name="times-Ecommerce_Account_Suite" class="panel">
          <div class="main-panel-header rounded-window-top">
            <span class="header-content">Times for Ecommerce Account Suite</span>
          </div> <!-- main-panel-header rounded-window-top -->
          <div class="main-panel-content rounded-window-bottom">
            <div class="times-div">
              <script type="text/javascript">
suiteTableInitFunctions.push('tableData_Ecommerce_Account_Suite');
function tableData_Ecommerce_Account_Suite() {
var data = new google.visualization.DataTable();
data.addColumn('number', 'Number');
data.addColumn('string', 'Method');
data.addColumn('string', 'Class');
data.addColumn('number', 'Time (ms)');
data.addRows(7);
data.setCell(0, 0, 0)
data.setCell(0, 1, 'testNegativeAccountCreation')
data.setCell(0, 2, 'testCases.CreateAccountTest')
data.setCell(0, 3, 180025);
data.setCell(1, 0, 1)
data.setCell(1, 1, 'testNegativeAccountCreation')
data.setCell(1, 2, 'testCases.CreateAccountTest')
data.setCell(1, 3, 180021);
data.setCell(2, 0, 2)
data.setCell(2, 1, 'testNegativeAccountCreation')
data.setCell(2, 2, 'testCases.CreateAccountTest')
data.setCell(2, 3, 180018);
data.setCell(3, 0, 3)
data.setCell(3, 1, 'testNegativeAccountCreation')
data.setCell(3, 2, 'testCases.CreateAccountTest')
data.setCell(3, 3, 45804);
data.setCell(4, 0, 4)
data.setCell(4, 1, 'testNegativeAccountCreation')
data.setCell(4, 2, 'testCases.CreateAccountTest')
data.setCell(4, 3, 41154);
data.setCell(5, 0, 5)
data.setCell(5, 1, 'testNegativeAccountCreation')
data.setCell(5, 2, 'testCases.CreateAccountTest')
data.setCell(5, 3, 12255);
data.setCell(6, 0, 6)
data.setCell(6, 1, 'testNegativeAccountCreation')
data.setCell(6, 2, 'testCases.CreateAccountTest')
data.setCell(6, 3, 11355);
window.suiteTableData['Ecommerce_Account_Suite']= { tableData: data, tableDiv: 'times-div-Ecommerce_Account_Suite'}
return data;
}
              </script>
              <span class="suite-total-time">Total running time: 10 minutes</span>
              <div id="times-div-Ecommerce_Account_Suite">
              </div> <!-- times-div-Ecommerce_Account_Suite -->
            </div> <!-- times-div -->
          </div> <!-- main-panel-content rounded-window-bottom -->
        </div> <!-- panel -->
        <div panel-name="reporter-Ecommerce_Account_Suite" class="panel">
          <div class="main-panel-header rounded-window-top">
            <span class="header-content">Reporter output for Ecommerce Account Suite</span>
          </div> <!-- main-panel-header rounded-window-top -->
          <div class="main-panel-content rounded-window-bottom">
          </div> <!-- main-panel-content rounded-window-bottom -->
        </div> <!-- panel -->
        <div panel-name="ignored-methods-Ecommerce_Account_Suite" class="panel">
          <div class="main-panel-header rounded-window-top">
            <span class="header-content">1 ignored method</span>
          </div> <!-- main-panel-header rounded-window-top -->
          <div class="main-panel-content rounded-window-bottom">
            <div class="ignored-class-div">
              <span class="ignored-class-name">testCases.CreateAccountTest</span>
              <div class="ignored-methods-div">
                <span class="ignored-method-name">verifyAccountCreation</span>
                <br/>
              </div> <!-- ignored-methods-div -->
            </div> <!-- ignored-class-div -->
          </div> <!-- main-panel-content rounded-window-bottom -->
        </div> <!-- panel -->
        <div panel-name="chronological-Ecommerce_Account_Suite" class="panel">
          <div class="main-panel-header rounded-window-top">
            <span class="header-content">Methods in chronological order</span>
          </div> <!-- main-panel-header rounded-window-top -->
          <div class="main-panel-content rounded-window-bottom">
            <div class="chronological-class">
              <div class="chronological-class-name">testCases.CreateAccountTest</div> <!-- chronological-class-name -->
              <div class="configuration-method before">
                <span class="method-name">setUp([TestResult name={null} status=CREATED method=CreateAccountTest.testNegativeAccountCreation(models.U...)</span>
                <span class="method-start">0 ms</span>
              </div> <!-- configuration-method before -->
              <div class="test-method">
                <span class="method-name">testNegativeAccountCreation(Creating Account With Blank Fields :   (), [This is a required field.])</span>
                <span class="method-start">2753 ms</span>
              </div> <!-- test-method -->
              <div class="configuration-method after">
                <span class="method-name">tearDown([TestResult name=testNegativeAccountCreation status=SUCCESS method=CreateAccountTest.testNegativeAcc...)</span>
                <span class="method-start">14135 ms</span>
              </div> <!-- configuration-method after -->
              <div class="configuration-method before">
                <span class="method-name">setUp([TestResult name={null} status=CREATED method=CreateAccountTest.testNegativeAccountCreation(models.U...)</span>
                <span class="method-start">14669 ms</span>
              </div> <!-- configuration-method before -->
              <div class="test-method">
                <span class="method-name">testNegativeAccountCreation(Creating Account With In-Valid Email-Id : John Doe (invalidemail@), [Please enter a valid email addr...)</span>
                <span class="method-start">15844 ms</span>
              </div> <!-- test-method -->
              <div class="configuration-method after">
                <span class="method-name">tearDown([TestResult name=testNegativeAccountCreation status=SUCCESS method=CreateAccountTest.testNegativeAcc...)</span>
                <span class="method-start">57011 ms</span>
              </div> <!-- configuration-method after -->
              <div class="configuration-method before">
                <span class="method-name">setUp([TestResult name={null} status=CREATED method=CreateAccountTest.testNegativeAccountCreation(models.U...)</span>
                <span class="method-start">58521 ms</span>
              </div> <!-- configuration-method before -->
              <div class="test-method">
                <span class="method-name">testNegativeAccountCreation(Creating Account With In-Valid Password Of Length Less Than 8 : Jane Smith (jane.smith@test.com), [M...)</span>
                <span class="method-start">59577 ms</span>
              </div> <!-- test-method -->
              <div class="configuration-method after">
                <span class="method-name">tearDown([TestResult name=testNegativeAccountCreation status=SUCCESS method=CreateAccountTest.testNegativeAcc...)</span>
                <span class="method-start">105385 ms</span>
              </div> <!-- configuration-method after -->
              <div class="configuration-method before">
                <span class="method-name">setUp([TestResult name={null} status=CREATED method=CreateAccountTest.testNegativeAccountCreation(models.U...)</span>
                <span class="method-start">105905 ms</span>
              </div> <!-- configuration-method before -->
              <div class="test-method">
                <img src="failed.png">
                </img>
                <span class="method-name">testNegativeAccountCreation(Creating Account Without Entering Confirm Password : Jack Black (jack.black1752426183405@mail.com), ...)</span>
                <span class="method-start">106954 ms</span>
              </div> <!-- test-method -->
              <div class="configuration-method after">
                <span class="method-name">tearDown([TestResult name=testNegativeAccountCreation status=FAILURE method=CreateAccountTest.testNegativeAcc...)</span>
                <span class="method-start">407726 ms</span>
              </div> <!-- configuration-method after -->
              <div class="configuration-method before">
                <span class="method-name">setUp([TestResult name={null} status=CREATED method=CreateAccountTest.testNegativeAccountCreation(models.U...)</span>
                <span class="method-start">408238 ms</span>
              </div> <!-- configuration-method before -->
              <div class="test-method">
                <img src="failed.png">
                </img>
                <span class="method-name">testNegativeAccountCreation(Creating Account With Existing Account : Existing User (existing.user@test.com), [There is already a...)</span>
                <span class="method-start">409338 ms</span>
              </div> <!-- test-method -->
              <div class="configuration-method after">
                <span class="method-name">tearDown([TestResult name=testNegativeAccountCreation status=FAILURE method=CreateAccountTest.testNegativeAcc...)</span>
                <span class="method-start">710043 ms</span>
              </div> <!-- configuration-method after -->
              <div class="configuration-method before">
                <span class="method-name">setUp([TestResult name={null} status=CREATED method=CreateAccountTest.testNegativeAccountCreation(models.U...)</span>
                <span class="method-start">710506 ms</span>
              </div> <!-- configuration-method before -->
              <div class="test-method">
                <img src="failed.png">
                </img>
                <span class="method-name">testNegativeAccountCreation(Creating Account With Invalid emailId and Password less than 8 Characters : !@# $%^ (wrong@format), ...)</span>
                <span class="method-start">711584 ms</span>
              </div> <!-- test-method -->
              <div class="configuration-method after">
                <span class="method-name">tearDown([TestResult name=testNegativeAccountCreation status=FAILURE method=CreateAccountTest.testNegativeAcc...)</span>
                <span class="method-start">1012056 ms</span>
              </div> <!-- configuration-method after -->
              <div class="configuration-method before">
                <span class="method-name">setUp([TestResult name={null} status=CREATED method=CreateAccountTest.testNegativeAccountCreation(models.U...)</span>
                <span class="method-start">1012549 ms</span>
              </div> <!-- configuration-method before -->
              <div class="test-method">
                <span class="method-name">testNegativeAccountCreation(Creating Account With Blank Spaces :         (    ), [This is a required field.])</span>
                <span class="method-start">1013682 ms</span>
              </div> <!-- test-method -->
              <div class="configuration-method after">
                <span class="method-name">tearDown([TestResult name=testNegativeAccountCreation status=SUCCESS method=CreateAccountTest.testNegativeAcc...)</span>
                <span class="method-start">1025942 ms</span>
              </div> <!-- configuration-method after -->
          </div> <!-- main-panel-content rounded-window-bottom -->
        </div> <!-- panel -->
      </div> <!-- main-panel-root -->
    </div> <!-- wrapper -->
  </body>
<script type="text/javascript" src="testng-reports2.js"></script>
</html>
